2018-07-14 08:53:02.282  INFO 5912 --- [main] io.shocker.gamelog.GameLogApplication    : Starting GameLogApplication on DESKTOP-JEK5PAI with PID 5912 (D:\App\game-log\game-log\target\classes started by Swomfire in D:\App\game-log\game-log)
2018-07-14 08:53:02.309  INFO 5912 --- [main] io.shocker.gamelog.GameLogApplication    : No active profile set, falling back to default profiles: default
2018-07-14 08:53:03.130  INFO 5912 --- [main] ConfigServletWebServerApplicationContext : Refreshing org.springframework.boot.web.servlet.context.AnnotationConfigServletWebServerApplicationContext@2b6faea6: startup date [Sat Jul 14 08:53:03 ICT 2018]; root of context hierarchy
2018-07-14 08:53:07.697  INFO 5912 --- [main] trationDelegate$BeanPostProcessorChecker : Bean 'org.springframework.transaction.annotation.ProxyTransactionManagementConfiguration' of type [org.springframework.transaction.annotation.ProxyTransactionManagementConfiguration$$EnhancerBySpringCGLIB$$355816de] is not eligible for getting processed by all BeanPostProcessors (for example: not eligible for auto-proxying)
2018-07-14 08:53:08.946  INFO 5912 --- [main] o.s.b.w.embedded.tomcat.TomcatWebServer  : Tomcat initialized with port(s): 8080 (http)
2018-07-14 08:53:09.031  INFO 5912 --- [main] o.apache.catalina.core.StandardService   : Starting service [Tomcat]
2018-07-14 08:53:09.031  INFO 5912 --- [main] org.apache.catalina.core.StandardEngine  : Starting Servlet Engine: Apache Tomcat/8.5.31
2018-07-14 08:53:09.058  INFO 5912 --- [localhost-startStop-1] o.a.catalina.core.AprLifecycleListener   : The APR based Apache Tomcat Native library which allows optimal performance in production environments was not found on the java.library.path: [C:\Program Files\Java\jdk1.8.0_151\bin;C:\Windows\Sun\Java\bin;C:\Windows\system32;C:\Windows;C:\ProgramData\Oracle\Java\javapath;C:\Windows\system32;C:\Windows;C:\Windows\System32\Wbem;C:\Windows\System32\WindowsPowerShell\v1.0\;C:\Program Files\Java\jdk1.8.0_151\bin;D:\apache-maven-3.5.2\bin;C:\Program Files\Git\cmd;D:\curl\bin;C:\Program Files\MySQL\MySQL Utilities 1.6\;C:\Program Files (x86)\NVIDIA Corporation\PhysX\Common;C:\Users\Swomfire\AppData\Local\Microsoft\WindowsApps;C:\Program Files\Microsoft VS Code\bin;C:\Users\Swomfire\Downloads\zookeeper-3.4.12\zookeeper-3.4.12\bin;;.]
2018-07-14 08:53:10.009  INFO 5912 --- [localhost-startStop-1] o.a.c.c.C.[Tomcat].[localhost].[/]       : Initializing Spring embedded WebApplicationContext
2018-07-14 08:53:10.010  INFO 5912 --- [localhost-startStop-1] o.s.web.context.ContextLoader            : Root WebApplicationContext: initialization completed in 6879 ms
2018-07-14 08:53:10.202  INFO 5912 --- [localhost-startStop-1] o.s.b.w.servlet.ServletRegistrationBean  : Servlet dispatcherServlet mapped to [/]
2018-07-14 08:53:10.226  INFO 5912 --- [localhost-startStop-1] o.s.b.w.servlet.FilterRegistrationBean   : Mapping filter: 'characterEncodingFilter' to: [/*]
2018-07-14 08:53:10.226  INFO 5912 --- [localhost-startStop-1] o.s.b.w.servlet.FilterRegistrationBean   : Mapping filter: 'hiddenHttpMethodFilter' to: [/*]
2018-07-14 08:53:10.226  INFO 5912 --- [localhost-startStop-1] o.s.b.w.servlet.FilterRegistrationBean   : Mapping filter: 'httpPutFormContentFilter' to: [/*]
2018-07-14 08:53:10.227  INFO 5912 --- [localhost-startStop-1] o.s.b.w.servlet.FilterRegistrationBean   : Mapping filter: 'requestContextFilter' to: [/*]
2018-07-14 08:53:10.876  INFO 5912 --- [main] com.zaxxer.hikari.HikariDataSource       : HikariPool-1 - Starting...
2018-07-14 08:53:11.339  INFO 5912 --- [main] com.zaxxer.hikari.HikariDataSource       : HikariPool-1 - Start completed.
2018-07-14 08:53:11.476  INFO 5912 --- [main] j.LocalContainerEntityManagerFactoryBean : Building JPA container EntityManagerFactory for persistence unit 'default'
2018-07-14 08:53:11.508  INFO 5912 --- [main] o.hibernate.jpa.internal.util.LogHelper  : HHH000204: Processing PersistenceUnitInfo [
	name: default
	...]
2018-07-14 08:53:11.731  INFO 5912 --- [main] org.hibernate.Version                    : HHH000412: Hibernate Core {5.2.17.Final}
2018-07-14 08:53:11.733  INFO 5912 --- [main] org.hibernate.cfg.Environment            : HHH000206: hibernate.properties not found
2018-07-14 08:53:11.825  INFO 5912 --- [main] o.hibernate.annotations.common.Version   : HCANN000001: Hibernate Commons Annotations {5.0.1.Final}
2018-07-14 08:53:12.296  INFO 5912 --- [main] org.hibernate.dialect.Dialect            : HHH000400: Using dialect: org.hibernate.dialect.MySQL5Dialect
2018-07-14 08:53:12.691  WARN 5912 --- [main] org.hibernate.mapping.RootClass          : HHH000038: Composite-id class does not override equals(): io.shocker.gamelog.model.GearHasCategoryId
2018-07-14 08:53:12.691  WARN 5912 --- [main] org.hibernate.mapping.RootClass          : HHH000039: Composite-id class does not override hashCode(): io.shocker.gamelog.model.GearHasCategoryId
2018-07-14 08:53:12.691  WARN 5912 --- [main] org.hibernate.mapping.RootClass          : HHH000038: Composite-id class does not override equals(): io.shocker.gamelog.model.GameHasTagId
2018-07-14 08:53:12.691  WARN 5912 --- [main] org.hibernate.mapping.RootClass          : HHH000039: Composite-id class does not override hashCode(): io.shocker.gamelog.model.GameHasTagId
2018-07-14 08:53:13.503  INFO 5912 --- [main] j.LocalContainerEntityManagerFactoryBean : Initialized JPA EntityManagerFactory for persistence unit 'default'
2018-07-14 08:53:14.386  INFO 5912 --- [main] o.s.w.s.handler.SimpleUrlHandlerMapping  : Mapped URL path [/**/favicon.ico] onto handler of type [class org.springframework.web.servlet.resource.ResourceHttpRequestHandler]
2018-07-14 08:53:14.717  INFO 5912 --- [main] s.w.s.m.m.a.RequestMappingHandlerAdapter : Looking for @ControllerAdvice: org.springframework.boot.web.servlet.context.AnnotationConfigServletWebServerApplicationContext@2b6faea6: startup date [Sat Jul 14 08:53:03 ICT 2018]; root of context hierarchy
2018-07-14 08:53:14.756  WARN 5912 --- [main] aWebConfiguration$JpaWebMvcConfiguration : spring.jpa.open-in-view is enabled by default. Therefore, database queries may be performed during view rendering. Explicitly configure spring.jpa.open-in-view to disable this warning
2018-07-14 08:53:14.807  INFO 5912 --- [main] s.w.s.m.m.a.RequestMappingHandlerMapping : Mapped "{[/game/status],methods=[GET]}" onto public java.lang.Integer[] io.shocker.gamelog.controller.GameController.threadStatus(java.lang.String)
2018-07-14 08:53:14.808  INFO 5912 --- [main] s.w.s.m.m.a.RequestMappingHandlerMapping : Mapped "{[/game/category],methods=[GET],produces=[application/xml]}" onto public io.shocker.gamelog.model.Categories io.shocker.gamelog.controller.GameController.getAll()
2018-07-14 08:53:14.809  INFO 5912 --- [main] s.w.s.m.m.a.RequestMappingHandlerMapping : Mapped "{[/game/stop],methods=[GET]}" onto public java.lang.Integer[] io.shocker.gamelog.controller.GameController.stopThread(java.lang.String)
2018-07-14 08:53:14.809  INFO 5912 --- [main] s.w.s.m.m.a.RequestMappingHandlerMapping : Mapped "{[/game/load],methods=[GET]}" onto public java.lang.String io.shocker.gamelog.controller.GameController.loadGames()
2018-07-14 08:53:14.809  INFO 5912 --- [main] s.w.s.m.m.a.RequestMappingHandlerMapping : Mapped "{[/game/type/os],methods=[GET]}" onto public java.util.List<java.lang.String> io.shocker.gamelog.controller.GameController.loadGameOsType()
2018-07-14 08:53:14.809  INFO 5912 --- [main] s.w.s.m.m.a.RequestMappingHandlerMapping : Mapped "{[/game/type/ram],methods=[GET]}" onto public java.util.List<java.lang.String> io.shocker.gamelog.controller.GameController.loadGameRamType()
2018-07-14 08:53:14.810  INFO 5912 --- [main] s.w.s.m.m.a.RequestMappingHandlerMapping : Mapped "{[/game/type/cpu],methods=[GET]}" onto public java.util.List<java.lang.String> io.shocker.gamelog.controller.GameController.loadGameCpuType()
2018-07-14 08:53:14.810  INFO 5912 --- [main] s.w.s.m.m.a.RequestMappingHandlerMapping : Mapped "{[/game/spec],methods=[GET]}" onto public java.util.List<io.shocker.gamelog.model.Spec> io.shocker.gamelog.controller.GameController.getGameSpec(java.lang.Integer)
2018-07-14 08:53:14.810  INFO 5912 --- [main] s.w.s.m.m.a.RequestMappingHandlerMapping : Mapped "{[/game],methods=[GET],produces=[application/xml]}" onto public io.shocker.gamelog.model.Games io.shocker.gamelog.controller.GameController.getGameList(java.lang.String,java.lang.Integer,java.lang.String)
2018-07-14 08:53:14.810  INFO 5912 --- [main] s.w.s.m.m.a.RequestMappingHandlerMapping : Mapped "{[/game/type/gpu],methods=[GET]}" onto public java.util.List<java.lang.String> io.shocker.gamelog.controller.GameController.loadGameGpuType()
2018-07-14 08:53:14.811  INFO 5912 --- [main] s.w.s.m.m.a.RequestMappingHandlerMapping : Mapped "{[/game/category/load],methods=[GET]}" onto public int io.shocker.gamelog.controller.GameController.loadGameCategories()
2018-07-14 08:53:14.815  INFO 5912 --- [main] s.w.s.m.m.a.RequestMappingHandlerMapping : Mapped "{[/gear/status],methods=[GET]}" onto public java.lang.Integer[] io.shocker.gamelog.controller.GearController.threadStatus(java.lang.String)
2018-07-14 08:53:14.816  INFO 5912 --- [main] s.w.s.m.m.a.RequestMappingHandlerMapping : Mapped "{[/gear/category],methods=[GET],produces=[application/xml]}" onto public io.shocker.gamelog.model.Categories io.shocker.gamelog.controller.GearController.getAll()
2018-07-14 08:53:14.816  INFO 5912 --- [main] s.w.s.m.m.a.RequestMappingHandlerMapping : Mapped "{[/gear/stop],methods=[GET]}" onto public java.lang.Integer[] io.shocker.gamelog.controller.GearController.stopThread(java.lang.String)
2018-07-14 08:53:14.816  INFO 5912 --- [main] s.w.s.m.m.a.RequestMappingHandlerMapping : Mapped "{[/gear/load],methods=[GET]}" onto public java.lang.String io.shocker.gamelog.controller.GearController.loadGames()
2018-07-14 08:53:14.816  INFO 5912 --- [main] s.w.s.m.m.a.RequestMappingHandlerMapping : Mapped "{[/gear/spec],methods=[GET]}" onto public io.shocker.gamelog.model.Gears$Gear io.shocker.gamelog.controller.GearController.getGearDetail(java.lang.Integer)
2018-07-14 08:53:14.816  INFO 5912 --- [main] s.w.s.m.m.a.RequestMappingHandlerMapping : Mapped "{[/gear/type/os],methods=[GET]}" onto public java.util.List<java.lang.String> io.shocker.gamelog.controller.GearController.loadGameOsType()
2018-07-14 08:53:14.817  INFO 5912 --- [main] s.w.s.m.m.a.RequestMappingHandlerMapping : Mapped "{[/gear/type/ram],methods=[GET]}" onto public java.util.List<java.lang.String> io.shocker.gamelog.controller.GearController.loadGameRamType()
2018-07-14 08:53:14.817  INFO 5912 --- [main] s.w.s.m.m.a.RequestMappingHandlerMapping : Mapped "{[/gear],methods=[GET],produces=[application/xml]}" onto public io.shocker.gamelog.model.Gears io.shocker.gamelog.controller.GearController.getGearList(java.lang.String,java.lang.Integer,java.lang.String)
2018-07-14 08:53:14.817  INFO 5912 --- [main] s.w.s.m.m.a.RequestMappingHandlerMapping : Mapped "{[/gear/type/cpu],methods=[GET]}" onto public java.util.List<java.lang.String> io.shocker.gamelog.controller.GearController.loadGameCpuType()
2018-07-14 08:53:14.817  INFO 5912 --- [main] s.w.s.m.m.a.RequestMappingHandlerMapping : Mapped "{[/gear/type/gpu],methods=[GET]}" onto public java.util.List<java.lang.String> io.shocker.gamelog.controller.GearController.loadGameGpuType()
2018-07-14 08:53:14.818  INFO 5912 --- [main] s.w.s.m.m.a.RequestMappingHandlerMapping : Mapped "{[/gear/category/load],methods=[GET]}" onto public int io.shocker.gamelog.controller.GearController.loadGameCategories()
2018-07-14 08:53:14.819  INFO 5912 --- [main] s.w.s.m.m.a.RequestMappingHandlerMapping : Mapped "{[/main/logout],methods=[POST]}" onto public void io.shocker.gamelog.controller.MainController.login(javax.servlet.http.HttpSession,java.lang.String)
2018-07-14 08:53:14.820  INFO 5912 --- [main] s.w.s.m.m.a.RequestMappingHandlerMapping : Mapped "{[/main/login],methods=[POST]}" onto public java.lang.String io.shocker.gamelog.controller.MainController.login(java.lang.String,java.lang.String,javax.servlet.http.HttpSession,java.lang.String)
2018-07-14 08:53:14.820  INFO 5912 --- [main] s.w.s.m.m.a.RequestMappingHandlerMapping : Mapped "{[/main],methods=[GET]}" onto public org.springframework.web.servlet.ModelAndView io.shocker.gamelog.controller.MainController.getMainPage(org.springframework.web.servlet.ModelAndView,java.lang.String)
2018-07-14 08:53:14.822  INFO 5912 --- [main] s.w.s.m.m.a.RequestMappingHandlerMapping : Mapped "{[/error]}" onto public org.springframework.http.ResponseEntity<java.util.Map<java.lang.String, java.lang.Object>> org.springframework.boot.autoconfigure.web.servlet.error.BasicErrorController.error(javax.servlet.http.HttpServletRequest)
2018-07-14 08:53:14.822  INFO 5912 --- [main] s.w.s.m.m.a.RequestMappingHandlerMapping : Mapped "{[/error],produces=[text/html]}" onto public org.springframework.web.servlet.ModelAndView org.springframework.boot.autoconfigure.web.servlet.error.BasicErrorController.errorHtml(javax.servlet.http.HttpServletRequest,javax.servlet.http.HttpServletResponse)
2018-07-14 08:53:14.848  INFO 5912 --- [main] o.s.w.s.handler.SimpleUrlHandlerMapping  : Mapped URL path [/webjars/**] onto handler of type [class org.springframework.web.servlet.resource.ResourceHttpRequestHandler]
2018-07-14 08:53:14.848  INFO 5912 --- [main] o.s.w.s.handler.SimpleUrlHandlerMapping  : Mapped URL path [/**] onto handler of type [class org.springframework.web.servlet.resource.ResourceHttpRequestHandler]
2018-07-14 08:53:15.141  INFO 5912 --- [main] o.s.j.e.a.AnnotationMBeanExporter        : Registering beans for JMX exposure on startup
2018-07-14 08:53:15.142  INFO 5912 --- [main] o.s.j.e.a.AnnotationMBeanExporter        : Bean with name 'dataSource' has been autodetected for JMX exposure
2018-07-14 08:53:15.147  INFO 5912 --- [main] o.s.j.e.a.AnnotationMBeanExporter        : Located MBean 'dataSource': registering with JMX server as MBean [com.zaxxer.hikari:name=dataSource,type=HikariDataSource]
2018-07-14 08:53:15.221  INFO 5912 --- [main] o.s.b.w.embedded.tomcat.TomcatWebServer  : Tomcat started on port(s): 8080 (http) with context path ''
2018-07-14 08:53:15.224  INFO 5912 --- [main] io.shocker.gamelog.GameLogApplication    : Started GameLogApplication in 14.518 seconds (JVM running for 20.37)
2018-07-14 08:58:52.831  INFO 5912 --- [http-nio-8080-exec-1] o.a.c.c.C.[Tomcat].[localhost].[/]       : Initializing Spring FrameworkServlet 'dispatcherServlet'
2018-07-14 08:58:52.832  INFO 5912 --- [http-nio-8080-exec-1] o.s.web.servlet.DispatcherServlet        : FrameworkServlet 'dispatcherServlet': initialization started
2018-07-14 08:58:52.859  INFO 5912 --- [http-nio-8080-exec-1] o.s.web.servlet.DispatcherServlet        : FrameworkServlet 'dispatcherServlet': initialization completed in 27 ms
2018-07-14 08:58:53.613  WARN 5912 --- [http-nio-8080-exec-8] i.s.gamelog.controller.GameController    : getGameList No value for categoryId
2018-07-14 08:58:53.615  WARN 5912 --- [http-nio-8080-exec-7] i.s.gamelog.controller.GearController    : getGearList no value for categoryId
2018-07-14 08:58:53.925  INFO 5912 --- [http-nio-8080-exec-5] o.h.h.i.QueryTranslatorFactoryInitiator  : HHH000397: Using ASTQueryTranslatorFactory
2018-07-14 09:01:42.222  INFO 2884 --- [main] io.shocker.gamelog.GameLogApplication    : Starting GameLogApplication on DESKTOP-JEK5PAI with PID 2884 (D:\App\game-log\game-log\target\classes started by Swomfire in D:\App\game-log\game-log)
2018-07-14 09:01:42.226  INFO 2884 --- [main] io.shocker.gamelog.GameLogApplication    : No active profile set, falling back to default profiles: default
2018-07-14 09:01:42.322  INFO 2884 --- [main] ConfigServletWebServerApplicationContext : Refreshing org.springframework.boot.web.servlet.context.AnnotationConfigServletWebServerApplicationContext@6193932a: startup date [Sat Jul 14 09:01:42 ICT 2018]; root of context hierarchy
2018-07-14 09:01:43.461  INFO 2884 --- [main] trationDelegate$BeanPostProcessorChecker : Bean 'org.springframework.transaction.annotation.ProxyTransactionManagementConfiguration' of type [org.springframework.transaction.annotation.ProxyTransactionManagementConfiguration$$EnhancerBySpringCGLIB$$e5741df1] is not eligible for getting processed by all BeanPostProcessors (for example: not eligible for auto-proxying)
2018-07-14 09:01:43.726  INFO 2884 --- [main] o.s.b.w.embedded.tomcat.TomcatWebServer  : Tomcat initialized with port(s): 8080 (http)
2018-07-14 09:01:43.748  INFO 2884 --- [main] o.apache.catalina.core.StandardService   : Starting service [Tomcat]
2018-07-14 09:01:43.748  INFO 2884 --- [main] org.apache.catalina.core.StandardEngine  : Starting Servlet Engine: Apache Tomcat/8.5.31
2018-07-14 09:01:43.752  INFO 2884 --- [localhost-startStop-1] o.a.catalina.core.AprLifecycleListener   : The APR based Apache Tomcat Native library which allows optimal performance in production environments was not found on the java.library.path: [C:\Program Files\Java\jdk1.8.0_151\bin;C:\Windows\Sun\Java\bin;C:\Windows\system32;C:\Windows;C:\ProgramData\Oracle\Java\javapath;C:\Windows\system32;C:\Windows;C:\Windows\System32\Wbem;C:\Windows\System32\WindowsPowerShell\v1.0\;C:\Program Files\Java\jdk1.8.0_151\bin;D:\apache-maven-3.5.2\bin;C:\Program Files\Git\cmd;D:\curl\bin;C:\Program Files\MySQL\MySQL Utilities 1.6\;C:\Program Files (x86)\NVIDIA Corporation\PhysX\Common;C:\Users\Swomfire\AppData\Local\Microsoft\WindowsApps;C:\Program Files\Microsoft VS Code\bin;C:\Users\Swomfire\Downloads\zookeeper-3.4.12\zookeeper-3.4.12\bin;;.]
2018-07-14 09:01:43.841  INFO 2884 --- [localhost-startStop-1] o.a.c.c.C.[Tomcat].[localhost].[/]       : Initializing Spring embedded WebApplicationContext
2018-07-14 09:01:43.842  INFO 2884 --- [localhost-startStop-1] o.s.web.context.ContextLoader            : Root WebApplicationContext: initialization completed in 1520 ms
2018-07-14 09:01:43.958  INFO 2884 --- [localhost-startStop-1] o.s.b.w.servlet.ServletRegistrationBean  : Servlet dispatcherServlet mapped to [/]
2018-07-14 09:01:43.962  INFO 2884 --- [localhost-startStop-1] o.s.b.w.servlet.FilterRegistrationBean   : Mapping filter: 'characterEncodingFilter' to: [/*]
2018-07-14 09:01:43.962  INFO 2884 --- [localhost-startStop-1] o.s.b.w.servlet.FilterRegistrationBean   : Mapping filter: 'hiddenHttpMethodFilter' to: [/*]
2018-07-14 09:01:43.962  INFO 2884 --- [localhost-startStop-1] o.s.b.w.servlet.FilterRegistrationBean   : Mapping filter: 'httpPutFormContentFilter' to: [/*]
2018-07-14 09:01:43.962  INFO 2884 --- [localhost-startStop-1] o.s.b.w.servlet.FilterRegistrationBean   : Mapping filter: 'requestContextFilter' to: [/*]
2018-07-14 09:01:44.093  INFO 2884 --- [main] com.zaxxer.hikari.HikariDataSource       : HikariPool-1 - Starting...
2018-07-14 09:01:44.264  INFO 2884 --- [main] com.zaxxer.hikari.HikariDataSource       : HikariPool-1 - Start completed.
2018-07-14 09:01:44.322  INFO 2884 --- [main] j.LocalContainerEntityManagerFactoryBean : Building JPA container EntityManagerFactory for persistence unit 'default'
2018-07-14 09:01:44.341  INFO 2884 --- [main] o.hibernate.jpa.internal.util.LogHelper  : HHH000204: Processing PersistenceUnitInfo [
	name: default
	...]
2018-07-14 09:01:44.497  INFO 2884 --- [main] org.hibernate.Version                    : HHH000412: Hibernate Core {5.2.17.Final}
2018-07-14 09:01:44.499  INFO 2884 --- [main] org.hibernate.cfg.Environment            : HHH000206: hibernate.properties not found
2018-07-14 09:01:44.534  INFO 2884 --- [main] o.hibernate.annotations.common.Version   : HCANN000001: Hibernate Commons Annotations {5.0.1.Final}
2018-07-14 09:01:44.666  INFO 2884 --- [main] org.hibernate.dialect.Dialect            : HHH000400: Using dialect: org.hibernate.dialect.MySQL5Dialect
2018-07-14 09:01:44.845  WARN 2884 --- [main] org.hibernate.mapping.RootClass          : HHH000038: Composite-id class does not override equals(): io.shocker.gamelog.model.GearHasCategoryId
2018-07-14 09:01:44.845  WARN 2884 --- [main] org.hibernate.mapping.RootClass          : HHH000039: Composite-id class does not override hashCode(): io.shocker.gamelog.model.GearHasCategoryId
2018-07-14 09:01:44.845  WARN 2884 --- [main] org.hibernate.mapping.RootClass          : HHH000038: Composite-id class does not override equals(): io.shocker.gamelog.model.GameHasTagId
2018-07-14 09:01:44.846  WARN 2884 --- [main] org.hibernate.mapping.RootClass          : HHH000039: Composite-id class does not override hashCode(): io.shocker.gamelog.model.GameHasTagId
2018-07-14 09:01:45.134  INFO 2884 --- [main] j.LocalContainerEntityManagerFactoryBean : Initialized JPA EntityManagerFactory for persistence unit 'default'
2018-07-14 09:01:45.742  INFO 2884 --- [main] o.s.w.s.handler.SimpleUrlHandlerMapping  : Mapped URL path [/**/favicon.ico] onto handler of type [class org.springframework.web.servlet.resource.ResourceHttpRequestHandler]
2018-07-14 09:01:46.013  INFO 2884 --- [main] s.w.s.m.m.a.RequestMappingHandlerAdapter : Looking for @ControllerAdvice: org.springframework.boot.web.servlet.context.AnnotationConfigServletWebServerApplicationContext@6193932a: startup date [Sat Jul 14 09:01:42 ICT 2018]; root of context hierarchy
2018-07-14 09:01:46.042  WARN 2884 --- [main] aWebConfiguration$JpaWebMvcConfiguration : spring.jpa.open-in-view is enabled by default. Therefore, database queries may be performed during view rendering. Explicitly configure spring.jpa.open-in-view to disable this warning
2018-07-14 09:01:46.080  INFO 2884 --- [main] s.w.s.m.m.a.RequestMappingHandlerMapping : Mapped "{[/game/status],methods=[GET]}" onto public java.lang.Integer[] io.shocker.gamelog.controller.GameController.threadStatus(java.lang.String)
2018-07-14 09:01:46.081  INFO 2884 --- [main] s.w.s.m.m.a.RequestMappingHandlerMapping : Mapped "{[/game/stop],methods=[GET]}" onto public java.lang.Integer[] io.shocker.gamelog.controller.GameController.stopThread(java.lang.String)
2018-07-14 09:01:46.082  INFO 2884 --- [main] s.w.s.m.m.a.RequestMappingHandlerMapping : Mapped "{[/game/category],methods=[GET],produces=[application/xml]}" onto public io.shocker.gamelog.model.Categories io.shocker.gamelog.controller.GameController.getAll()
2018-07-14 09:01:46.082  INFO 2884 --- [main] s.w.s.m.m.a.RequestMappingHandlerMapping : Mapped "{[/game/category/load],methods=[GET]}" onto public int io.shocker.gamelog.controller.GameController.loadGameCategories()
2018-07-14 09:01:46.083  INFO 2884 --- [main] s.w.s.m.m.a.RequestMappingHandlerMapping : Mapped "{[/game],methods=[GET],produces=[application/xml]}" onto public io.shocker.gamelog.model.Games io.shocker.gamelog.controller.GameController.getGameList(java.lang.String,java.lang.Integer,java.lang.String)
2018-07-14 09:01:46.083  INFO 2884 --- [main] s.w.s.m.m.a.RequestMappingHandlerMapping : Mapped "{[/game/load],methods=[GET]}" onto public java.lang.String io.shocker.gamelog.controller.GameController.loadGames()
2018-07-14 09:01:46.083  INFO 2884 --- [main] s.w.s.m.m.a.RequestMappingHandlerMapping : Mapped "{[/game/spec],methods=[GET]}" onto public java.util.List<io.shocker.gamelog.model.Spec> io.shocker.gamelog.controller.GameController.getGameSpec(java.lang.Integer)
2018-07-14 09:01:46.083  INFO 2884 --- [main] s.w.s.m.m.a.RequestMappingHandlerMapping : Mapped "{[/game/type/os],methods=[GET]}" onto public java.util.List<java.lang.String> io.shocker.gamelog.controller.GameController.loadGameOsType()
2018-07-14 09:01:46.084  INFO 2884 --- [main] s.w.s.m.m.a.RequestMappingHandlerMapping : Mapped "{[/game/type/ram],methods=[GET]}" onto public java.util.List<java.lang.String> io.shocker.gamelog.controller.GameController.loadGameRamType()
2018-07-14 09:01:46.084  INFO 2884 --- [main] s.w.s.m.m.a.RequestMappingHandlerMapping : Mapped "{[/game/type/cpu],methods=[GET]}" onto public java.util.List<java.lang.String> io.shocker.gamelog.controller.GameController.loadGameCpuType()
2018-07-14 09:01:46.084  INFO 2884 --- [main] s.w.s.m.m.a.RequestMappingHandlerMapping : Mapped "{[/game/type/gpu],methods=[GET]}" onto public java.util.List<java.lang.String> io.shocker.gamelog.controller.GameController.loadGameGpuType()
2018-07-14 09:01:46.089  INFO 2884 --- [main] s.w.s.m.m.a.RequestMappingHandlerMapping : Mapped "{[/gear/status],methods=[GET]}" onto public java.lang.Integer[] io.shocker.gamelog.controller.GearController.threadStatus(java.lang.String)
2018-07-14 09:01:46.089  INFO 2884 --- [main] s.w.s.m.m.a.RequestMappingHandlerMapping : Mapped "{[/gear/stop],methods=[GET]}" onto public java.lang.Integer[] io.shocker.gamelog.controller.GearController.stopThread(java.lang.String)
2018-07-14 09:01:46.090  INFO 2884 --- [main] s.w.s.m.m.a.RequestMappingHandlerMapping : Mapped "{[/gear/category],methods=[GET],produces=[application/xml]}" onto public io.shocker.gamelog.model.Categories io.shocker.gamelog.controller.GearController.getAll()
2018-07-14 09:01:46.090  INFO 2884 --- [main] s.w.s.m.m.a.RequestMappingHandlerMapping : Mapped "{[/gear/category/load],methods=[GET]}" onto public int io.shocker.gamelog.controller.GearController.loadGameCategories()
2018-07-14 09:01:46.090  INFO 2884 --- [main] s.w.s.m.m.a.RequestMappingHandlerMapping : Mapped "{[/gear/load],methods=[GET]}" onto public java.lang.String io.shocker.gamelog.controller.GearController.loadGames()
2018-07-14 09:01:46.090  INFO 2884 --- [main] s.w.s.m.m.a.RequestMappingHandlerMapping : Mapped "{[/gear/spec],methods=[GET]}" onto public io.shocker.gamelog.model.Gears$Gear io.shocker.gamelog.controller.GearController.getGearDetail(java.lang.Integer)
2018-07-14 09:01:46.090  INFO 2884 --- [main] s.w.s.m.m.a.RequestMappingHandlerMapping : Mapped "{[/gear/type/os],methods=[GET]}" onto public java.util.List<java.lang.String> io.shocker.gamelog.controller.GearController.loadGameOsType()
2018-07-14 09:01:46.091  INFO 2884 --- [main] s.w.s.m.m.a.RequestMappingHandlerMapping : Mapped "{[/gear/type/ram],methods=[GET]}" onto public java.util.List<java.lang.String> io.shocker.gamelog.controller.GearController.loadGameRamType()
2018-07-14 09:01:46.091  INFO 2884 --- [main] s.w.s.m.m.a.RequestMappingHandlerMapping : Mapped "{[/gear/type/cpu],methods=[GET]}" onto public java.util.List<java.lang.String> io.shocker.gamelog.controller.GearController.loadGameCpuType()
2018-07-14 09:01:46.091  INFO 2884 --- [main] s.w.s.m.m.a.RequestMappingHandlerMapping : Mapped "{[/gear],methods=[GET],produces=[application/xml]}" onto public io.shocker.gamelog.model.Gears io.shocker.gamelog.controller.GearController.getGearList(java.lang.String,java.lang.Integer,java.lang.String)
2018-07-14 09:01:46.091  INFO 2884 --- [main] s.w.s.m.m.a.RequestMappingHandlerMapping : Mapped "{[/gear/type/gpu],methods=[GET]}" onto public java.util.List<java.lang.String> io.shocker.gamelog.controller.GearController.loadGameGpuType()
2018-07-14 09:01:46.093  INFO 2884 --- [main] s.w.s.m.m.a.RequestMappingHandlerMapping : Mapped "{[/main/logout],methods=[POST]}" onto public void io.shocker.gamelog.controller.MainController.login(javax.servlet.http.HttpSession,java.lang.String)
2018-07-14 09:01:46.094  INFO 2884 --- [main] s.w.s.m.m.a.RequestMappingHandlerMapping : Mapped "{[/main/login],methods=[POST]}" onto public java.lang.String io.shocker.gamelog.controller.MainController.login(java.lang.String,java.lang.String,javax.servlet.http.HttpSession,java.lang.String)
2018-07-14 09:01:46.094  INFO 2884 --- [main] s.w.s.m.m.a.RequestMappingHandlerMapping : Mapped "{[/main],methods=[GET]}" onto public org.springframework.web.servlet.ModelAndView io.shocker.gamelog.controller.MainController.getMainPage(org.springframework.web.servlet.ModelAndView,java.lang.String)
2018-07-14 09:01:46.097  INFO 2884 --- [main] s.w.s.m.m.a.RequestMappingHandlerMapping : Mapped "{[/error]}" onto public org.springframework.http.ResponseEntity<java.util.Map<java.lang.String, java.lang.Object>> org.springframework.boot.autoconfigure.web.servlet.error.BasicErrorController.error(javax.servlet.http.HttpServletRequest)
2018-07-14 09:01:46.097  INFO 2884 --- [main] s.w.s.m.m.a.RequestMappingHandlerMapping : Mapped "{[/error],produces=[text/html]}" onto public org.springframework.web.servlet.ModelAndView org.springframework.boot.autoconfigure.web.servlet.error.BasicErrorController.errorHtml(javax.servlet.http.HttpServletRequest,javax.servlet.http.HttpServletResponse)
2018-07-14 09:01:46.124  INFO 2884 --- [main] o.s.w.s.handler.SimpleUrlHandlerMapping  : Mapped URL path [/webjars/**] onto handler of type [class org.springframework.web.servlet.resource.ResourceHttpRequestHandler]
2018-07-14 09:01:46.124  INFO 2884 --- [main] o.s.w.s.handler.SimpleUrlHandlerMapping  : Mapped URL path [/**] onto handler of type [class org.springframework.web.servlet.resource.ResourceHttpRequestHandler]
2018-07-14 09:01:46.388  INFO 2884 --- [main] o.s.j.e.a.AnnotationMBeanExporter        : Registering beans for JMX exposure on startup
2018-07-14 09:01:46.389  INFO 2884 --- [main] o.s.j.e.a.AnnotationMBeanExporter        : Bean with name 'dataSource' has been autodetected for JMX exposure
2018-07-14 09:01:46.394  INFO 2884 --- [main] o.s.j.e.a.AnnotationMBeanExporter        : Located MBean 'dataSource': registering with JMX server as MBean [com.zaxxer.hikari:name=dataSource,type=HikariDataSource]
2018-07-14 09:01:46.423  INFO 2884 --- [main] o.s.b.w.embedded.tomcat.TomcatWebServer  : Tomcat started on port(s): 8080 (http) with context path ''
2018-07-14 09:01:46.426  INFO 2884 --- [main] io.shocker.gamelog.GameLogApplication    : Started GameLogApplication in 4.725 seconds (JVM running for 5.782)
2018-07-14 09:02:18.699  INFO 2884 --- [http-nio-8080-exec-1] o.a.c.c.C.[Tomcat].[localhost].[/]       : Initializing Spring FrameworkServlet 'dispatcherServlet'
2018-07-14 09:02:18.699  INFO 2884 --- [http-nio-8080-exec-1] o.s.web.servlet.DispatcherServlet        : FrameworkServlet 'dispatcherServlet': initialization started
2018-07-14 09:02:18.722  INFO 2884 --- [http-nio-8080-exec-1] o.s.web.servlet.DispatcherServlet        : FrameworkServlet 'dispatcherServlet': initialization completed in 23 ms
2018-07-14 09:02:18.906  WARN 2884 --- [http-nio-8080-exec-5] i.s.gamelog.controller.GameController    : getGameList No value for categoryId
2018-07-14 09:02:18.908  WARN 2884 --- [http-nio-8080-exec-7] i.s.gamelog.controller.GearController    : getGearList no value for categoryId
2018-07-14 09:02:18.944  INFO 2884 --- [http-nio-8080-exec-10] o.h.h.i.QueryTranslatorFactoryInitiator  : HHH000397: Using ASTQueryTranslatorFactory
2018-07-14 09:02:21.355  WARN 2884 --- [http-nio-8080-exec-6] i.s.gamelog.controller.GameController    : getGameList No value for categoryId
2018-07-14 09:02:22.319  WARN 2884 --- [http-nio-8080-exec-1] i.s.gamelog.controller.GameController    : getGameList No value for categoryId
2018-07-14 09:02:26.288  WARN 2884 --- [http-nio-8080-exec-2] i.s.gamelog.controller.GameController    : getGameList No value for categoryId
2018-07-14 09:02:30.082  WARN 2884 --- [http-nio-8080-exec-7] i.s.gamelog.controller.GameController    : getGameList No value for categoryId
2018-07-14 09:02:31.108  WARN 2884 --- [http-nio-8080-exec-10] i.s.gamelog.controller.GameController    : getGameList No value for categoryId
2018-07-14 09:02:36.948  WARN 2884 --- [http-nio-8080-exec-8] i.s.gamelog.controller.GameController    : getGameList No value for categoryId
2018-07-14 09:02:38.160  WARN 2884 --- [http-nio-8080-exec-6] i.s.gamelog.controller.GameController    : getGameList No value for categoryId
2018-07-14 09:02:41.942  WARN 2884 --- [http-nio-8080-exec-3] i.s.gamelog.controller.GameController    : getGameList No value for categoryId
2018-07-14 09:02:43.203  WARN 2884 --- [http-nio-8080-exec-2] i.s.gamelog.controller.GameController    : getGameList No value for categoryId
